<?xml version="1.0" encoding="UTF-8"?>
<!-- Generated by org.testng.reporters.JUnitReportReporter -->
<testsuite hostname="LAPTOP-MQ4QQBGA" failures="0" tests="4" name="testscript.LoginTest" time="25.364" errors="0" timestamp="2025-09-09T16:26:36 IST" skipped="0">
  <testcase classname="testscript.LoginTest" name="verificationOfLoginWithValidUsernameAndPasswordTest" time="9.911"/>
  <testcase classname="testscript.LoginTest" name="verificationOfLoginWithValidUsernameAndInvalidPasswordTest" time="5.002"/>
  <testcase classname="testscript.LoginTest" name="verificationOfLoginWithInvalidUsernameAndValidPasswordTest" time="6.944"/>
  <testcase classname="testscript.LoginTest" name="verificationOfLoginWithInvalidUsernameAnddPasswordTest" time="3.507"/>
</testsuite> <!-- testscript.LoginTest -->
