<?xml version="1.0" encoding="UTF-8"?>
<!-- Generated by org.testng.reporters.JUnitReportReporter -->
<testsuite hostname="LAPTOP-MQ4QQBGA" failures="0" tests="4" name="testscript.LoginTest" time="19.866" errors="0" timestamp="2025-09-09T16:53:08 IST" skipped="0">
  <testcase classname="testscript.LoginTest" name="verificationOfLoginWithValidUsernameAndPasswordTest" time="4.805"/>
  <testcase classname="testscript.LoginTest" name="verificationOfLoginWithValidUsernameAndInvalidPasswordTest" time="3.855"/>
  <testcase classname="testscript.LoginTest" name="verificationOfLoginWithInvalidUsernameAndValidPasswordTest" time="6.657"/>
  <testcase classname="testscript.LoginTest" name="verificationOfLoginWithInvalidUsernameAnddPasswordTest" time="4.549"/>
</testsuite> <!-- testscript.LoginTest -->
